<?xml version="1.0" encoding="UTF-8"?>
<!-- Generated by org.testng.reporters.JUnitXMLReporter -->
<testsuite hostname="Oscar&#039;s Macbook Pro" ignored="0" name="Default test" tests="6" failures="0" timestamp="13 Jun 2019 04:55:22 GMT" time="0.372" errors="0">
  <testcase name="testAddMeeting_returnsMeeting" time="0.018" classname="mWebApp2.backEnd.MoodServiceTest"/>
  <testcase name="testConvertEntity_returnViewModel" time="0.001" classname="mWebApp2.backEnd.MoodServiceTest"/>
  <testcase name="testConvertViewModel_returnEntity" time="0.002" classname="mWebApp2.backEnd.MoodServiceTest"/>
  <testcase name="testDeleteMeeting_returnsNumOfDeleted" time="0.001" classname="mWebApp2.backEnd.MoodServiceTest"/>
  <testcase name="testRetrieveMeetings_returnsMeetings" time="0.001" classname="mWebApp2.backEnd.MoodServiceTest"/>
  <testcase name="testUpdateMeeting_returnsMeeting" time="0.002" classname="mWebApp2.backEnd.MoodServiceTest"/>
</testsuite> <!-- Default test -->
