<?xml version="1.0" encoding="UTF-8"?>
<!-- Generated by org.testng.reporters.JUnitXMLReporter -->
<testsuite hostname="AFSWWK3KL813IF" ignored="0" name="Default test" tests="6" failures="0" timestamp="18 Jun 2019 14:53:41 GMT" time="9.849" errors="0">
  <testcase name="openApp" time="0.372" classname="mWebApp2.frontEnd.FrontEndTest"/>
  <testcase name="login" time="0.783" classname="mWebApp2.frontEnd.FrontEndTest"/>
  <testcase name="selectUser" time="0.239" classname="mWebApp2.frontEnd.FrontEndTest"/>
  <testcase name="addMood" time="0.847" classname="mWebApp2.frontEnd.FrontEndTest"/>
  <testcase name="updateMood" time="1.224" classname="mWebApp2.frontEnd.FrontEndTest"/>
  <testcase name="deleteMood" time="1.091" classname="mWebApp2.frontEnd.FrontEndTest"/>
</testsuite> <!-- Default test -->
